{
    "time": "2025-06-13 05:03:06",
    "function": "detect_project_detailed",
    "initial_project_root": "R:\\Adev\\200  -  test\\adminlicence",
    "paths_checked": {
        "env_file": {
            "path": "R:\\Adev\\200  -  test\\adminlicence\/.env",
            "exists": true
        },
        "vendor_dir": {
            "path": "R:\\Adev\\200  -  test\\adminlicence\/vendor",
            "exists": true
        }
    }
}

{
    "time": "2025-06-13 05:03:13",
    "function": "detect_project_detailed",
    "initial_project_root": "R:\\Adev\\200  -  test\\adminlicence",
    "paths_checked": {
        "env_file": {
            "path": "R:\\Adev\\200  -  test\\adminlicence\/.env",
            "exists": true
        },
        "vendor_dir": {
            "path": "R:\\Adev\\200  -  test\\adminlicence\/vendor",
            "exists": true
        }
    }
}

{
    "time": "2025-06-13 05:03:24",
    "function": "detect_project_detailed",
    "initial_project_root": "R:\\Adev\\200  -  test\\adminlicence",
    "paths_checked": {
        "env_file": {
            "path": "R:\\Adev\\200  -  test\\adminlicence\/.env",
            "exists": true
        },
        "vendor_dir": {
            "path": "R:\\Adev\\200  -  test\\adminlicence\/vendor",
            "exists": true
        }
    }
}

{
    "time": "2025-06-13 05:03:44",
    "function": "detect_project_detailed",
    "initial_project_root": "R:\\Adev\\200  -  test\\adminlicence",
    "paths_checked": {
        "env_file": {
            "path": "R:\\Adev\\200  -  test\\adminlicence\/.env",
            "exists": true
        },
        "vendor_dir": {
            "path": "R:\\Adev\\200  -  test\\adminlicence\/vendor",
            "exists": true
        }
    }
}

{
    "time": "2025-06-13 05:03:52",
    "function": "detect_project_detailed",
    "initial_project_root": "R:\\Adev\\200  -  test\\adminlicence",
    "paths_checked": {
        "env_file": {
            "path": "R:\\Adev\\200  -  test\\adminlicence\/.env",
            "exists": true
        },
        "vendor_dir": {
            "path": "R:\\Adev\\200  -  test\\adminlicence\/vendor",
            "exists": true
        }
    }
}

{
    "time": "2025-06-13 05:04:00",
    "function": "detect_project_detailed",
    "initial_project_root": "R:\\Adev\\200  -  test\\adminlicence",
    "paths_checked": {
        "env_file": {
            "path": "R:\\Adev\\200  -  test\\adminlicence\/.env",
            "exists": true
        },
        "vendor_dir": {
            "path": "R:\\Adev\\200  -  test\\adminlicence\/vendor",
            "exists": true
        }
    }
}

{
    "time": "2025-06-13 05:04:01",
    "function": "detect_project_detailed",
    "initial_project_root": "R:\\Adev\\200  -  test\\adminlicence",
    "paths_checked": {
        "env_file": {
            "path": "R:\\Adev\\200  -  test\\adminlicence\/.env",
            "exists": true
        },
        "vendor_dir": {
            "path": "R:\\Adev\\200  -  test\\adminlicence\/vendor",
            "exists": true
        }
    }
}

{
    "time": "2025-06-13 05:04:08",
    "function": "detect_project_detailed",
    "initial_project_root": "R:\\Adev\\200  -  test\\adminlicence",
    "paths_checked": {
        "env_file": {
            "path": "R:\\Adev\\200  -  test\\adminlicence\/.env",
            "exists": true
        },
        "vendor_dir": {
            "path": "R:\\Adev\\200  -  test\\adminlicence\/vendor",
            "exists": true
        }
    }
}

{
    "time": "2025-06-13 05:04:38",
    "function": "detect_project_detailed",
    "initial_project_root": "R:\\Adev\\200  -  test\\adminlicence",
    "paths_checked": {
        "env_file": {
            "path": "R:\\Adev\\200  -  test\\adminlicence\/.env",
            "exists": true
        },
        "vendor_dir": {
            "path": "R:\\Adev\\200  -  test\\adminlicence\/vendor",
            "exists": true
        }
    }
}

{
    "time": "2025-06-13 05:04:53",
    "function": "detect_project_detailed",
    "initial_project_root": "R:\\Adev\\200  -  test\\adminlicence",
    "paths_checked": {
        "env_file": {
            "path": "R:\\Adev\\200  -  test\\adminlicence\/.env",
            "exists": true
        },
        "vendor_dir": {
            "path": "R:\\Adev\\200  -  test\\adminlicence\/vendor",
            "exists": true
        }
    }
}

{
    "time": "2025-06-13 05:05:21",
    "function": "detect_project_detailed",
    "initial_project_root": "R:\\Adev\\200  -  test\\adminlicence",
    "paths_checked": {
        "env_file": {
            "path": "R:\\Adev\\200  -  test\\adminlicence\/.env",
            "exists": true
        },
        "vendor_dir": {
            "path": "R:\\Adev\\200  -  test\\adminlicence\/vendor",
            "exists": true
        }
    }
}

{
    "time": "2025-06-13 05:25:01",
    "function": "detect_project_detailed",
    "initial_project_root": "R:\\Adev\\200  -  test\\adminlicence",
    "paths_checked": {
        "env_file": {
            "path": "R:\\Adev\\200  -  test\\adminlicence\/.env",
            "exists": true
        },
        "vendor_dir": {
            "path": "R:\\Adev\\200  -  test\\adminlicence\/vendor",
            "exists": true
        }
    }
}

{
    "time": "2025-06-13 05:32:06",
    "function": "detect_project_detailed",
    "initial_project_root": "R:\\Adev\\200  -  test\\adminlicence",
    "paths_checked": {
        "env_file": {
            "path": "R:\\Adev\\200  -  test\\adminlicence\/.env",
            "exists": true
        },
        "vendor_dir": {
            "path": "R:\\Adev\\200  -  test\\adminlicence\/vendor",
            "exists": true
        }
    }
}

{
    "time": "2025-06-13 05:41:32",
    "function": "detect_project_detailed",
    "initial_project_root": "R:\\Adev\\200  -  test\\adminlicence",
    "paths_checked": {
        "env_file": {
            "path": "R:\\Adev\\200  -  test\\adminlicence\/.env",
            "exists": true
        },
        "vendor_dir": {
            "path": "R:\\Adev\\200  -  test\\adminlicence\/vendor",
            "exists": true
        }
    }
}

{
    "time": "2025-06-13 05:46:49",
    "function": "detect_project_detailed",
    "initial_project_root": "R:\\Adev\\200  -  test\\adminlicence",
    "paths_checked": {
        "env_file": {
            "path": "R:\\Adev\\200  -  test\\adminlicence\/.env",
            "exists": true
        },
        "vendor_dir": {
            "path": "R:\\Adev\\200  -  test\\adminlicence\/vendor",
            "exists": true
        }
    }
}

{
    "time": "2025-06-13 05:46:59",
    "function": "detect_project_detailed",
    "initial_project_root": "R:\\Adev\\200  -  test\\adminlicence",
    "paths_checked": {
        "env_file": {
            "path": "R:\\Adev\\200  -  test\\adminlicence\/.env",
            "exists": true
        },
        "vendor_dir": {
            "path": "R:\\Adev\\200  -  test\\adminlicence\/vendor",
            "exists": true
        }
    }
}

