{
    "time": "2025-06-13 05:03:06",
    "function": "detect_project_request",
    "method": "GET",
    "query": {
        "ajax": "1"
    },
    "server": {
        "DOCUMENT_ROOT": "R:\\Adev\\200  -  test\\adminlicence\\public",
        "REMOTE_ADDR": "127.0.0.1",
        "REMOTE_PORT": "63439",
        "SERVER_SOFTWARE": "PHP 8.2.12 Development Server",
        "SERVER_PROTOCOL": "HTTP\/1.1",
        "SERVER_NAME": "0.0.0.0",
        "SERVER_PORT": "8000",
        "REQUEST_URI": "\/install\/ajax\/detect_project.php?ajax=1",
        "REQUEST_METHOD": "GET",
        "SCRIPT_NAME": "\/install\/ajax\/detect_project.php",
        "SCRIPT_FILENAME": "R:\\Adev\\200  -  test\\adminlicence\\public\\install\\ajax\\detect_project.php",
        "PHP_SELF": "\/install\/ajax\/detect_project.php",
        "QUERY_STRING": "ajax=1",
        "HTTP_HOST": "127.0.0.1:8000",
        "HTTP_USER_AGENT": "Mozilla\/5.0 (Windows NT 10.0; Win64; x64; rv:139.0) Gecko\/20100101 Firefox\/139.0",
        "HTTP_ACCEPT": "application\/json, text\/javascript, *\/*; q=0.01",
        "HTTP_ACCEPT_LANGUAGE": "fr,fr-FR;q=0.8,en-US;q=0.5,en;q=0.3",
        "HTTP_ACCEPT_ENCODING": "gzip, deflate, br, zstd",
        "HTTP_X_REQUESTED_WITH": "XMLHttpRequest",
        "HTTP_DNT": "1",
        "HTTP_AUTHORIZATION": "Basic YWRtaW46QWRtaW5MaWNlbmNlMjAyNQ==",
        "HTTP_CONNECTION": "keep-alive",
        "HTTP_REFERER": "http:\/\/127.0.0.1:8000\/install\/index.php?step=2",
        "HTTP_COOKIE": "locale=eyJpdiI6ImRiYTlub1hqT1U5RC92Y21EbTJwZFE9PSIsInZhbHVlIjoiM1k5b0dJWlNLdDUybUw2emhvWERvSDZONCtrRDFiVURBemtNUVpsWlQ5YUt2dWlaT2xPc3RNUDJ0WWIrRDl2USIsIm1hYyI6IjQ2Yjk4N2M4NmEyM2Y0NjFkMDliZGE2MjgxYzJhYmVjZDU0MjA4NGIxYzE5NmFiNTRiYjg3MjVhODVhNmFjZWQiLCJ0YWciOiIifQ%3D%3D; dark_mode=1; io=2G6p8qMg8xwIN3JpAAAD; TawkConnectionTime=0; PHPSESSID=hcsc3m94mlr88j37gd0i4rd5nd; __next_hmr_refresh_hash__=2752",
        "HTTP_SEC_FETCH_DEST": "empty",
        "HTTP_SEC_FETCH_MODE": "cors",
        "HTTP_SEC_FETCH_SITE": "same-origin",
        "PHP_AUTH_USER": "admin",
        "PHP_AUTH_PW": "AdminLicence2025",
        "REQUEST_TIME_FLOAT": 1749783786.928511,
        "REQUEST_TIME": 1749783786
    }
}

{
    "time": "2025-06-13 05:03:13",
    "function": "detect_project_request",
    "method": "GET",
    "query": {
        "ajax": "1"
    },
    "server": {
        "DOCUMENT_ROOT": "R:\\Adev\\200  -  test\\adminlicence\\public",
        "REMOTE_ADDR": "127.0.0.1",
        "REMOTE_PORT": "63465",
        "SERVER_SOFTWARE": "PHP 8.2.12 Development Server",
        "SERVER_PROTOCOL": "HTTP\/1.1",
        "SERVER_NAME": "0.0.0.0",
        "SERVER_PORT": "8000",
        "REQUEST_URI": "\/install\/ajax\/detect_project.php?ajax=1",
        "REQUEST_METHOD": "GET",
        "SCRIPT_NAME": "\/install\/ajax\/detect_project.php",
        "SCRIPT_FILENAME": "R:\\Adev\\200  -  test\\adminlicence\\public\\install\\ajax\\detect_project.php",
        "PHP_SELF": "\/install\/ajax\/detect_project.php",
        "QUERY_STRING": "ajax=1",
        "HTTP_HOST": "127.0.0.1:8000",
        "HTTP_USER_AGENT": "Mozilla\/5.0 (Windows NT 10.0; Win64; x64; rv:139.0) Gecko\/20100101 Firefox\/139.0",
        "HTTP_ACCEPT": "application\/json, text\/javascript, *\/*; q=0.01",
        "HTTP_ACCEPT_LANGUAGE": "fr,fr-FR;q=0.8,en-US;q=0.5,en;q=0.3",
        "HTTP_ACCEPT_ENCODING": "gzip, deflate, br, zstd",
        "HTTP_X_REQUESTED_WITH": "XMLHttpRequest",
        "HTTP_DNT": "1",
        "HTTP_AUTHORIZATION": "Basic YWRtaW46QWRtaW5MaWNlbmNlMjAyNQ==",
        "HTTP_CONNECTION": "keep-alive",
        "HTTP_REFERER": "http:\/\/127.0.0.1:8000\/install\/",
        "HTTP_COOKIE": "locale=eyJpdiI6ImRiYTlub1hqT1U5RC92Y21EbTJwZFE9PSIsInZhbHVlIjoiM1k5b0dJWlNLdDUybUw2emhvWERvSDZONCtrRDFiVURBemtNUVpsWlQ5YUt2dWlaT2xPc3RNUDJ0WWIrRDl2USIsIm1hYyI6IjQ2Yjk4N2M4NmEyM2Y0NjFkMDliZGE2MjgxYzJhYmVjZDU0MjA4NGIxYzE5NmFiNTRiYjg3MjVhODVhNmFjZWQiLCJ0YWciOiIifQ%3D%3D; dark_mode=1; io=2G6p8qMg8xwIN3JpAAAD; TawkConnectionTime=0; PHPSESSID=hcsc3m94mlr88j37gd0i4rd5nd; __next_hmr_refresh_hash__=2752",
        "HTTP_SEC_FETCH_DEST": "empty",
        "HTTP_SEC_FETCH_MODE": "cors",
        "HTTP_SEC_FETCH_SITE": "same-origin",
        "PHP_AUTH_USER": "admin",
        "PHP_AUTH_PW": "AdminLicence2025",
        "REQUEST_TIME_FLOAT": 1749783793.267515,
        "REQUEST_TIME": 1749783793
    }
}

{
    "time": "2025-06-13 05:03:24",
    "function": "detect_project_request",
    "method": "GET",
    "query": {
        "ajax": "1"
    },
    "server": {
        "DOCUMENT_ROOT": "R:\\Adev\\200  -  test\\adminlicence\\public",
        "REMOTE_ADDR": "127.0.0.1",
        "REMOTE_PORT": "63474",
        "SERVER_SOFTWARE": "PHP 8.2.12 Development Server",
        "SERVER_PROTOCOL": "HTTP\/1.1",
        "SERVER_NAME": "0.0.0.0",
        "SERVER_PORT": "8000",
        "REQUEST_URI": "\/install\/ajax\/detect_project.php?ajax=1",
        "REQUEST_METHOD": "GET",
        "SCRIPT_NAME": "\/install\/ajax\/detect_project.php",
        "SCRIPT_FILENAME": "R:\\Adev\\200  -  test\\adminlicence\\public\\install\\ajax\\detect_project.php",
        "PHP_SELF": "\/install\/ajax\/detect_project.php",
        "QUERY_STRING": "ajax=1",
        "HTTP_HOST": "127.0.0.1:8000",
        "HTTP_USER_AGENT": "Mozilla\/5.0 (Windows NT 10.0; Win64; x64; rv:139.0) Gecko\/20100101 Firefox\/139.0",
        "HTTP_ACCEPT": "application\/json, text\/javascript, *\/*; q=0.01",
        "HTTP_ACCEPT_LANGUAGE": "fr,fr-FR;q=0.8,en-US;q=0.5,en;q=0.3",
        "HTTP_ACCEPT_ENCODING": "gzip, deflate, br, zstd",
        "HTTP_X_REQUESTED_WITH": "XMLHttpRequest",
        "HTTP_DNT": "1",
        "HTTP_AUTHORIZATION": "Basic YWRtaW46QWRtaW5MaWNlbmNlMjAyNQ==",
        "HTTP_CONNECTION": "keep-alive",
        "HTTP_REFERER": "http:\/\/127.0.0.1:8000\/install\/index.php",
        "HTTP_COOKIE": "locale=eyJpdiI6ImRiYTlub1hqT1U5RC92Y21EbTJwZFE9PSIsInZhbHVlIjoiM1k5b0dJWlNLdDUybUw2emhvWERvSDZONCtrRDFiVURBemtNUVpsWlQ5YUt2dWlaT2xPc3RNUDJ0WWIrRDl2USIsIm1hYyI6IjQ2Yjk4N2M4NmEyM2Y0NjFkMDliZGE2MjgxYzJhYmVjZDU0MjA4NGIxYzE5NmFiNTRiYjg3MjVhODVhNmFjZWQiLCJ0YWciOiIifQ%3D%3D; dark_mode=1; io=2G6p8qMg8xwIN3JpAAAD; TawkConnectionTime=0; PHPSESSID=hcsc3m94mlr88j37gd0i4rd5nd; __next_hmr_refresh_hash__=2752",
        "HTTP_SEC_FETCH_DEST": "empty",
        "HTTP_SEC_FETCH_MODE": "cors",
        "HTTP_SEC_FETCH_SITE": "same-origin",
        "PHP_AUTH_USER": "admin",
        "PHP_AUTH_PW": "AdminLicence2025",
        "REQUEST_TIME_FLOAT": 1749783804.03898,
        "REQUEST_TIME": 1749783804
    }
}

{
    "time": "2025-06-13 05:03:44",
    "function": "detect_project_request",
    "method": "GET",
    "query": {
        "ajax": "1"
    },
    "server": {
        "DOCUMENT_ROOT": "R:\\Adev\\200  -  test\\adminlicence\\public",
        "REMOTE_ADDR": "127.0.0.1",
        "REMOTE_PORT": "63502",
        "SERVER_SOFTWARE": "PHP 8.2.12 Development Server",
        "SERVER_PROTOCOL": "HTTP\/1.1",
        "SERVER_NAME": "0.0.0.0",
        "SERVER_PORT": "8000",
        "REQUEST_URI": "\/install\/ajax\/detect_project.php?ajax=1",
        "REQUEST_METHOD": "GET",
        "SCRIPT_NAME": "\/install\/ajax\/detect_project.php",
        "SCRIPT_FILENAME": "R:\\Adev\\200  -  test\\adminlicence\\public\\install\\ajax\\detect_project.php",
        "PHP_SELF": "\/install\/ajax\/detect_project.php",
        "QUERY_STRING": "ajax=1",
        "HTTP_HOST": "127.0.0.1:8000",
        "HTTP_USER_AGENT": "Mozilla\/5.0 (Windows NT 10.0; Win64; x64; rv:139.0) Gecko\/20100101 Firefox\/139.0",
        "HTTP_ACCEPT": "application\/json, text\/javascript, *\/*; q=0.01",
        "HTTP_ACCEPT_LANGUAGE": "fr,fr-FR;q=0.8,en-US;q=0.5,en;q=0.3",
        "HTTP_ACCEPT_ENCODING": "gzip, deflate, br, zstd",
        "HTTP_X_REQUESTED_WITH": "XMLHttpRequest",
        "HTTP_DNT": "1",
        "HTTP_AUTHORIZATION": "Basic YWRtaW46QWRtaW5MaWNlbmNlMjAyNQ==",
        "HTTP_CONNECTION": "keep-alive",
        "HTTP_REFERER": "http:\/\/127.0.0.1:8000\/install\/index.php?step=2",
        "HTTP_COOKIE": "locale=eyJpdiI6ImRiYTlub1hqT1U5RC92Y21EbTJwZFE9PSIsInZhbHVlIjoiM1k5b0dJWlNLdDUybUw2emhvWERvSDZONCtrRDFiVURBemtNUVpsWlQ5YUt2dWlaT2xPc3RNUDJ0WWIrRDl2USIsIm1hYyI6IjQ2Yjk4N2M4NmEyM2Y0NjFkMDliZGE2MjgxYzJhYmVjZDU0MjA4NGIxYzE5NmFiNTRiYjg3MjVhODVhNmFjZWQiLCJ0YWciOiIifQ%3D%3D; dark_mode=1; io=2G6p8qMg8xwIN3JpAAAD; TawkConnectionTime=0; PHPSESSID=hcsc3m94mlr88j37gd0i4rd5nd; __next_hmr_refresh_hash__=2752",
        "HTTP_SEC_FETCH_DEST": "empty",
        "HTTP_SEC_FETCH_MODE": "cors",
        "HTTP_SEC_FETCH_SITE": "same-origin",
        "PHP_AUTH_USER": "admin",
        "PHP_AUTH_PW": "AdminLicence2025",
        "REQUEST_TIME_FLOAT": 1749783824.42712,
        "REQUEST_TIME": 1749783824
    }
}

{
    "time": "2025-06-13 05:03:52",
    "function": "detect_project_request",
    "method": "GET",
    "query": {
        "ajax": "1"
    },
    "server": {
        "DOCUMENT_ROOT": "R:\\Adev\\200  -  test\\adminlicence\\public",
        "REMOTE_ADDR": "127.0.0.1",
        "REMOTE_PORT": "63516",
        "SERVER_SOFTWARE": "PHP 8.2.12 Development Server",
        "SERVER_PROTOCOL": "HTTP\/1.1",
        "SERVER_NAME": "0.0.0.0",
        "SERVER_PORT": "8000",
        "REQUEST_URI": "\/install\/ajax\/detect_project.php?ajax=1",
        "REQUEST_METHOD": "GET",
        "SCRIPT_NAME": "\/install\/ajax\/detect_project.php",
        "SCRIPT_FILENAME": "R:\\Adev\\200  -  test\\adminlicence\\public\\install\\ajax\\detect_project.php",
        "PHP_SELF": "\/install\/ajax\/detect_project.php",
        "QUERY_STRING": "ajax=1",
        "HTTP_HOST": "127.0.0.1:8000",
        "HTTP_USER_AGENT": "Mozilla\/5.0 (Windows NT 10.0; Win64; x64; rv:139.0) Gecko\/20100101 Firefox\/139.0",
        "HTTP_ACCEPT": "application\/json, text\/javascript, *\/*; q=0.01",
        "HTTP_ACCEPT_LANGUAGE": "fr,fr-FR;q=0.8,en-US;q=0.5,en;q=0.3",
        "HTTP_ACCEPT_ENCODING": "gzip, deflate, br, zstd",
        "HTTP_X_REQUESTED_WITH": "XMLHttpRequest",
        "HTTP_DNT": "1",
        "HTTP_AUTHORIZATION": "Basic YWRtaW46QWRtaW5MaWNlbmNlMjAyNQ==",
        "HTTP_CONNECTION": "keep-alive",
        "HTTP_REFERER": "http:\/\/127.0.0.1:8000\/install\/index.php?step=2",
        "HTTP_COOKIE": "locale=eyJpdiI6ImRiYTlub1hqT1U5RC92Y21EbTJwZFE9PSIsInZhbHVlIjoiM1k5b0dJWlNLdDUybUw2emhvWERvSDZONCtrRDFiVURBemtNUVpsWlQ5YUt2dWlaT2xPc3RNUDJ0WWIrRDl2USIsIm1hYyI6IjQ2Yjk4N2M4NmEyM2Y0NjFkMDliZGE2MjgxYzJhYmVjZDU0MjA4NGIxYzE5NmFiNTRiYjg3MjVhODVhNmFjZWQiLCJ0YWciOiIifQ%3D%3D; dark_mode=1; io=2G6p8qMg8xwIN3JpAAAD; TawkConnectionTime=0; PHPSESSID=hcsc3m94mlr88j37gd0i4rd5nd; __next_hmr_refresh_hash__=2752",
        "HTTP_SEC_FETCH_DEST": "empty",
        "HTTP_SEC_FETCH_MODE": "cors",
        "HTTP_SEC_FETCH_SITE": "same-origin",
        "PHP_AUTH_USER": "admin",
        "PHP_AUTH_PW": "AdminLicence2025",
        "REQUEST_TIME_FLOAT": 1749783832.817417,
        "REQUEST_TIME": 1749783832
    }
}

{
    "time": "2025-06-13 05:04:00",
    "function": "detect_project_request",
    "method": "GET",
    "query": {
        "ajax": "1"
    },
    "server": {
        "DOCUMENT_ROOT": "R:\\Adev\\200  -  test\\adminlicence\\public",
        "REMOTE_ADDR": "127.0.0.1",
        "REMOTE_PORT": "63530",
        "SERVER_SOFTWARE": "PHP 8.2.12 Development Server",
        "SERVER_PROTOCOL": "HTTP\/1.1",
        "SERVER_NAME": "0.0.0.0",
        "SERVER_PORT": "8000",
        "REQUEST_URI": "\/install\/ajax\/detect_project.php?ajax=1",
        "REQUEST_METHOD": "GET",
        "SCRIPT_NAME": "\/install\/ajax\/detect_project.php",
        "SCRIPT_FILENAME": "R:\\Adev\\200  -  test\\adminlicence\\public\\install\\ajax\\detect_project.php",
        "PHP_SELF": "\/install\/ajax\/detect_project.php",
        "QUERY_STRING": "ajax=1",
        "HTTP_HOST": "127.0.0.1:8000",
        "HTTP_USER_AGENT": "Mozilla\/5.0 (Windows NT 10.0; Win64; x64; rv:139.0) Gecko\/20100101 Firefox\/139.0",
        "HTTP_ACCEPT": "application\/json, text\/javascript, *\/*; q=0.01",
        "HTTP_ACCEPT_LANGUAGE": "fr,fr-FR;q=0.8,en-US;q=0.5,en;q=0.3",
        "HTTP_ACCEPT_ENCODING": "gzip, deflate, br, zstd",
        "HTTP_X_REQUESTED_WITH": "XMLHttpRequest",
        "HTTP_DNT": "1",
        "HTTP_AUTHORIZATION": "Basic YWRtaW46QWRtaW5MaWNlbmNlMjAyNQ==",
        "HTTP_CONNECTION": "keep-alive",
        "HTTP_REFERER": "http:\/\/127.0.0.1:8000\/install\/index.php?step=2",
        "HTTP_COOKIE": "locale=eyJpdiI6ImRiYTlub1hqT1U5RC92Y21EbTJwZFE9PSIsInZhbHVlIjoiM1k5b0dJWlNLdDUybUw2emhvWERvSDZONCtrRDFiVURBemtNUVpsWlQ5YUt2dWlaT2xPc3RNUDJ0WWIrRDl2USIsIm1hYyI6IjQ2Yjk4N2M4NmEyM2Y0NjFkMDliZGE2MjgxYzJhYmVjZDU0MjA4NGIxYzE5NmFiNTRiYjg3MjVhODVhNmFjZWQiLCJ0YWciOiIifQ%3D%3D; dark_mode=1; io=2G6p8qMg8xwIN3JpAAAD; TawkConnectionTime=0; PHPSESSID=hcsc3m94mlr88j37gd0i4rd5nd; __next_hmr_refresh_hash__=2752",
        "HTTP_SEC_FETCH_DEST": "empty",
        "HTTP_SEC_FETCH_MODE": "cors",
        "HTTP_SEC_FETCH_SITE": "same-origin",
        "PHP_AUTH_USER": "admin",
        "PHP_AUTH_PW": "AdminLicence2025",
        "REQUEST_TIME_FLOAT": 1749783840.193098,
        "REQUEST_TIME": 1749783840
    }
}

{
    "time": "2025-06-13 05:04:01",
    "function": "detect_project_request",
    "method": "GET",
    "query": {
        "ajax": "1"
    },
    "server": {
        "DOCUMENT_ROOT": "R:\\Adev\\200  -  test\\adminlicence\\public",
        "REMOTE_ADDR": "127.0.0.1",
        "REMOTE_PORT": "63532",
        "SERVER_SOFTWARE": "PHP 8.2.12 Development Server",
        "SERVER_PROTOCOL": "HTTP\/1.1",
        "SERVER_NAME": "0.0.0.0",
        "SERVER_PORT": "8000",
        "REQUEST_URI": "\/install\/ajax\/detect_project.php?ajax=1",
        "REQUEST_METHOD": "GET",
        "SCRIPT_NAME": "\/install\/ajax\/detect_project.php",
        "SCRIPT_FILENAME": "R:\\Adev\\200  -  test\\adminlicence\\public\\install\\ajax\\detect_project.php",
        "PHP_SELF": "\/install\/ajax\/detect_project.php",
        "QUERY_STRING": "ajax=1",
        "HTTP_HOST": "127.0.0.1:8000",
        "HTTP_USER_AGENT": "Mozilla\/5.0 (Windows NT 10.0; Win64; x64; rv:139.0) Gecko\/20100101 Firefox\/139.0",
        "HTTP_ACCEPT": "application\/json, text\/javascript, *\/*; q=0.01",
        "HTTP_ACCEPT_LANGUAGE": "fr,fr-FR;q=0.8,en-US;q=0.5,en;q=0.3",
        "HTTP_ACCEPT_ENCODING": "gzip, deflate, br, zstd",
        "HTTP_X_REQUESTED_WITH": "XMLHttpRequest",
        "HTTP_DNT": "1",
        "HTTP_AUTHORIZATION": "Basic YWRtaW46QWRtaW5MaWNlbmNlMjAyNQ==",
        "HTTP_CONNECTION": "keep-alive",
        "HTTP_REFERER": "http:\/\/127.0.0.1:8000\/install\/",
        "HTTP_COOKIE": "locale=eyJpdiI6ImRiYTlub1hqT1U5RC92Y21EbTJwZFE9PSIsInZhbHVlIjoiM1k5b0dJWlNLdDUybUw2emhvWERvSDZONCtrRDFiVURBemtNUVpsWlQ5YUt2dWlaT2xPc3RNUDJ0WWIrRDl2USIsIm1hYyI6IjQ2Yjk4N2M4NmEyM2Y0NjFkMDliZGE2MjgxYzJhYmVjZDU0MjA4NGIxYzE5NmFiNTRiYjg3MjVhODVhNmFjZWQiLCJ0YWciOiIifQ%3D%3D; dark_mode=1; io=2G6p8qMg8xwIN3JpAAAD; TawkConnectionTime=0; PHPSESSID=hcsc3m94mlr88j37gd0i4rd5nd; __next_hmr_refresh_hash__=2752",
        "HTTP_SEC_FETCH_DEST": "empty",
        "HTTP_SEC_FETCH_MODE": "cors",
        "HTTP_SEC_FETCH_SITE": "same-origin",
        "PHP_AUTH_USER": "admin",
        "PHP_AUTH_PW": "AdminLicence2025",
        "REQUEST_TIME_FLOAT": 1749783841.075014,
        "REQUEST_TIME": 1749783841
    }
}

{
    "time": "2025-06-13 05:04:08",
    "function": "detect_project_request",
    "method": "GET",
    "query": {
        "ajax": "1"
    },
    "server": {
        "DOCUMENT_ROOT": "R:\\Adev\\200  -  test\\adminlicence\\public",
        "REMOTE_ADDR": "127.0.0.1",
        "REMOTE_PORT": "63542",
        "SERVER_SOFTWARE": "PHP 8.2.12 Development Server",
        "SERVER_PROTOCOL": "HTTP\/1.1",
        "SERVER_NAME": "0.0.0.0",
        "SERVER_PORT": "8000",
        "REQUEST_URI": "\/install\/ajax\/detect_project.php?ajax=1",
        "REQUEST_METHOD": "GET",
        "SCRIPT_NAME": "\/install\/ajax\/detect_project.php",
        "SCRIPT_FILENAME": "R:\\Adev\\200  -  test\\adminlicence\\public\\install\\ajax\\detect_project.php",
        "PHP_SELF": "\/install\/ajax\/detect_project.php",
        "QUERY_STRING": "ajax=1",
        "HTTP_HOST": "127.0.0.1:8000",
        "HTTP_USER_AGENT": "Mozilla\/5.0 (Windows NT 10.0; Win64; x64; rv:139.0) Gecko\/20100101 Firefox\/139.0",
        "HTTP_ACCEPT": "application\/json, text\/javascript, *\/*; q=0.01",
        "HTTP_ACCEPT_LANGUAGE": "fr,fr-FR;q=0.8,en-US;q=0.5,en;q=0.3",
        "HTTP_ACCEPT_ENCODING": "gzip, deflate, br, zstd",
        "HTTP_X_REQUESTED_WITH": "XMLHttpRequest",
        "HTTP_DNT": "1",
        "HTTP_AUTHORIZATION": "Basic YWRtaW46QWRtaW5MaWNlbmNlMjAyNQ==",
        "HTTP_CONNECTION": "keep-alive",
        "HTTP_REFERER": "http:\/\/127.0.0.1:8000\/install\/index.php",
        "HTTP_COOKIE": "locale=eyJpdiI6ImRiYTlub1hqT1U5RC92Y21EbTJwZFE9PSIsInZhbHVlIjoiM1k5b0dJWlNLdDUybUw2emhvWERvSDZONCtrRDFiVURBemtNUVpsWlQ5YUt2dWlaT2xPc3RNUDJ0WWIrRDl2USIsIm1hYyI6IjQ2Yjk4N2M4NmEyM2Y0NjFkMDliZGE2MjgxYzJhYmVjZDU0MjA4NGIxYzE5NmFiNTRiYjg3MjVhODVhNmFjZWQiLCJ0YWciOiIifQ%3D%3D; dark_mode=1; io=2G6p8qMg8xwIN3JpAAAD; TawkConnectionTime=0; PHPSESSID=hcsc3m94mlr88j37gd0i4rd5nd; __next_hmr_refresh_hash__=2752",
        "HTTP_SEC_FETCH_DEST": "empty",
        "HTTP_SEC_FETCH_MODE": "cors",
        "HTTP_SEC_FETCH_SITE": "same-origin",
        "PHP_AUTH_USER": "admin",
        "PHP_AUTH_PW": "AdminLicence2025",
        "REQUEST_TIME_FLOAT": 1749783848.367547,
        "REQUEST_TIME": 1749783848
    }
}

{
    "time": "2025-06-13 05:04:38",
    "function": "detect_project_request",
    "method": "GET",
    "query": {
        "ajax": "1"
    },
    "server": {
        "DOCUMENT_ROOT": "R:\\Adev\\200  -  test\\adminlicence\\public",
        "REMOTE_ADDR": "127.0.0.1",
        "REMOTE_PORT": "63576",
        "SERVER_SOFTWARE": "PHP 8.2.12 Development Server",
        "SERVER_PROTOCOL": "HTTP\/1.1",
        "SERVER_NAME": "0.0.0.0",
        "SERVER_PORT": "8000",
        "REQUEST_URI": "\/install\/ajax\/detect_project.php?ajax=1",
        "REQUEST_METHOD": "GET",
        "SCRIPT_NAME": "\/install\/ajax\/detect_project.php",
        "SCRIPT_FILENAME": "R:\\Adev\\200  -  test\\adminlicence\\public\\install\\ajax\\detect_project.php",
        "PHP_SELF": "\/install\/ajax\/detect_project.php",
        "QUERY_STRING": "ajax=1",
        "HTTP_HOST": "127.0.0.1:8000",
        "HTTP_USER_AGENT": "Mozilla\/5.0 (Windows NT 10.0; Win64; x64; rv:139.0) Gecko\/20100101 Firefox\/139.0",
        "HTTP_ACCEPT": "application\/json, text\/javascript, *\/*; q=0.01",
        "HTTP_ACCEPT_LANGUAGE": "fr,fr-FR;q=0.8,en-US;q=0.5,en;q=0.3",
        "HTTP_ACCEPT_ENCODING": "gzip, deflate, br, zstd",
        "HTTP_X_REQUESTED_WITH": "XMLHttpRequest",
        "HTTP_DNT": "1",
        "HTTP_AUTHORIZATION": "Basic YWRtaW46QWRtaW5MaWNlbmNlMjAyNQ==",
        "HTTP_CONNECTION": "keep-alive",
        "HTTP_REFERER": "http:\/\/127.0.0.1:8000\/install\/index.php",
        "HTTP_COOKIE": "locale=eyJpdiI6ImRiYTlub1hqT1U5RC92Y21EbTJwZFE9PSIsInZhbHVlIjoiM1k5b0dJWlNLdDUybUw2emhvWERvSDZONCtrRDFiVURBemtNUVpsWlQ5YUt2dWlaT2xPc3RNUDJ0WWIrRDl2USIsIm1hYyI6IjQ2Yjk4N2M4NmEyM2Y0NjFkMDliZGE2MjgxYzJhYmVjZDU0MjA4NGIxYzE5NmFiNTRiYjg3MjVhODVhNmFjZWQiLCJ0YWciOiIifQ%3D%3D; dark_mode=1; io=2G6p8qMg8xwIN3JpAAAD; TawkConnectionTime=0; PHPSESSID=hcsc3m94mlr88j37gd0i4rd5nd; __next_hmr_refresh_hash__=2752",
        "HTTP_SEC_FETCH_DEST": "empty",
        "HTTP_SEC_FETCH_MODE": "cors",
        "HTTP_SEC_FETCH_SITE": "same-origin",
        "PHP_AUTH_USER": "admin",
        "PHP_AUTH_PW": "AdminLicence2025",
        "REQUEST_TIME_FLOAT": 1749783878.478876,
        "REQUEST_TIME": 1749783878
    }
}

{
    "time": "2025-06-13 05:04:53",
    "function": "detect_project_request",
    "method": "GET",
    "query": {
        "ajax": "1"
    },
    "server": {
        "DOCUMENT_ROOT": "R:\\Adev\\200  -  test\\adminlicence\\public",
        "REMOTE_ADDR": "127.0.0.1",
        "REMOTE_PORT": "63596",
        "SERVER_SOFTWARE": "PHP 8.2.12 Development Server",
        "SERVER_PROTOCOL": "HTTP\/1.1",
        "SERVER_NAME": "0.0.0.0",
        "SERVER_PORT": "8000",
        "REQUEST_URI": "\/install\/ajax\/detect_project.php?ajax=1",
        "REQUEST_METHOD": "GET",
        "SCRIPT_NAME": "\/install\/ajax\/detect_project.php",
        "SCRIPT_FILENAME": "R:\\Adev\\200  -  test\\adminlicence\\public\\install\\ajax\\detect_project.php",
        "PHP_SELF": "\/install\/ajax\/detect_project.php",
        "QUERY_STRING": "ajax=1",
        "HTTP_HOST": "127.0.0.1:8000",
        "HTTP_USER_AGENT": "Mozilla\/5.0 (Windows NT 10.0; Win64; x64; rv:139.0) Gecko\/20100101 Firefox\/139.0",
        "HTTP_ACCEPT": "application\/json, text\/javascript, *\/*; q=0.01",
        "HTTP_ACCEPT_LANGUAGE": "fr,fr-FR;q=0.8,en-US;q=0.5,en;q=0.3",
        "HTTP_ACCEPT_ENCODING": "gzip, deflate, br, zstd",
        "HTTP_X_REQUESTED_WITH": "XMLHttpRequest",
        "HTTP_DNT": "1",
        "HTTP_AUTHORIZATION": "Basic YWRtaW46QWRtaW5MaWNlbmNlMjAyNQ==",
        "HTTP_CONNECTION": "keep-alive",
        "HTTP_REFERER": "http:\/\/127.0.0.1:8000\/install\/index.php",
        "HTTP_COOKIE": "locale=eyJpdiI6ImRiYTlub1hqT1U5RC92Y21EbTJwZFE9PSIsInZhbHVlIjoiM1k5b0dJWlNLdDUybUw2emhvWERvSDZONCtrRDFiVURBemtNUVpsWlQ5YUt2dWlaT2xPc3RNUDJ0WWIrRDl2USIsIm1hYyI6IjQ2Yjk4N2M4NmEyM2Y0NjFkMDliZGE2MjgxYzJhYmVjZDU0MjA4NGIxYzE5NmFiNTRiYjg3MjVhODVhNmFjZWQiLCJ0YWciOiIifQ%3D%3D; dark_mode=1; io=2G6p8qMg8xwIN3JpAAAD; TawkConnectionTime=0; PHPSESSID=hcsc3m94mlr88j37gd0i4rd5nd; __next_hmr_refresh_hash__=2752",
        "HTTP_SEC_FETCH_DEST": "empty",
        "HTTP_SEC_FETCH_MODE": "cors",
        "HTTP_SEC_FETCH_SITE": "same-origin",
        "PHP_AUTH_USER": "admin",
        "PHP_AUTH_PW": "AdminLicence2025",
        "REQUEST_TIME_FLOAT": 1749783893.70859,
        "REQUEST_TIME": 1749783893
    }
}

{
    "time": "2025-06-13 05:05:21",
    "function": "detect_project_request",
    "method": "GET",
    "query": {
        "ajax": "1"
    },
    "server": {
        "DOCUMENT_ROOT": "R:\\Adev\\200  -  test\\adminlicence\\public",
        "REMOTE_ADDR": "127.0.0.1",
        "REMOTE_PORT": "63640",
        "SERVER_SOFTWARE": "PHP 8.2.12 Development Server",
        "SERVER_PROTOCOL": "HTTP\/1.1",
        "SERVER_NAME": "0.0.0.0",
        "SERVER_PORT": "8000",
        "REQUEST_URI": "\/install\/ajax\/detect_project.php?ajax=1",
        "REQUEST_METHOD": "GET",
        "SCRIPT_NAME": "\/install\/ajax\/detect_project.php",
        "SCRIPT_FILENAME": "R:\\Adev\\200  -  test\\adminlicence\\public\\install\\ajax\\detect_project.php",
        "PHP_SELF": "\/install\/ajax\/detect_project.php",
        "QUERY_STRING": "ajax=1",
        "HTTP_HOST": "127.0.0.1:8000",
        "HTTP_USER_AGENT": "Mozilla\/5.0 (Windows NT 10.0; Win64; x64; rv:139.0) Gecko\/20100101 Firefox\/139.0",
        "HTTP_ACCEPT": "application\/json, text\/javascript, *\/*; q=0.01",
        "HTTP_ACCEPT_LANGUAGE": "fr,fr-FR;q=0.8,en-US;q=0.5,en;q=0.3",
        "HTTP_ACCEPT_ENCODING": "gzip, deflate, br, zstd",
        "HTTP_X_REQUESTED_WITH": "XMLHttpRequest",
        "HTTP_DNT": "1",
        "HTTP_AUTHORIZATION": "Basic YWRtaW46QWRtaW5MaWNlbmNlMjAyNQ==",
        "HTTP_CONNECTION": "keep-alive",
        "HTTP_REFERER": "http:\/\/127.0.0.1:8000\/install\/index.php",
        "HTTP_COOKIE": "locale=eyJpdiI6ImRiYTlub1hqT1U5RC92Y21EbTJwZFE9PSIsInZhbHVlIjoiM1k5b0dJWlNLdDUybUw2emhvWERvSDZONCtrRDFiVURBemtNUVpsWlQ5YUt2dWlaT2xPc3RNUDJ0WWIrRDl2USIsIm1hYyI6IjQ2Yjk4N2M4NmEyM2Y0NjFkMDliZGE2MjgxYzJhYmVjZDU0MjA4NGIxYzE5NmFiNTRiYjg3MjVhODVhNmFjZWQiLCJ0YWciOiIifQ%3D%3D; dark_mode=1; io=2G6p8qMg8xwIN3JpAAAD; TawkConnectionTime=0; PHPSESSID=hcsc3m94mlr88j37gd0i4rd5nd; __next_hmr_refresh_hash__=2752",
        "HTTP_SEC_FETCH_DEST": "empty",
        "HTTP_SEC_FETCH_MODE": "cors",
        "HTTP_SEC_FETCH_SITE": "same-origin",
        "PHP_AUTH_USER": "admin",
        "PHP_AUTH_PW": "AdminLicence2025",
        "REQUEST_TIME_FLOAT": 1749783921.347176,
        "REQUEST_TIME": 1749783921
    }
}

{
    "time": "2025-06-13 05:25:01",
    "function": "detect_project_request",
    "method": "GET",
    "query": {
        "ajax": "1"
    },
    "server": {
        "DOCUMENT_ROOT": "R:\\Adev\\200  -  test\\adminlicence\\public",
        "REMOTE_ADDR": "127.0.0.1",
        "REMOTE_PORT": "65031",
        "SERVER_SOFTWARE": "PHP 8.2.12 Development Server",
        "SERVER_PROTOCOL": "HTTP\/1.1",
        "SERVER_NAME": "127.0.0.1",
        "SERVER_PORT": "8000",
        "REQUEST_URI": "\/install\/ajax\/detect_project.php?ajax=1",
        "REQUEST_METHOD": "GET",
        "SCRIPT_NAME": "\/install\/ajax\/detect_project.php",
        "SCRIPT_FILENAME": "R:\\Adev\\200  -  test\\adminlicence\\public\\install\\ajax\\detect_project.php",
        "PHP_SELF": "\/install\/ajax\/detect_project.php",
        "QUERY_STRING": "ajax=1",
        "HTTP_HOST": "127.0.0.1:8000",
        "HTTP_CONNECTION": "keep-alive",
        "HTTP_SEC_CH_UA_PLATFORM": "\"Windows\"",
        "HTTP_X_REQUESTED_WITH": "XMLHttpRequest",
        "HTTP_USER_AGENT": "Mozilla\/5.0 (Windows NT 10.0; Win64; x64) AppleWebKit\/537.36 (KHTML, like Gecko) Chrome\/134.0.0.0 Safari\/537.36 OPR\/119.0.0.0 (Edition std-1)",
        "HTTP_ACCEPT": "application\/json, text\/javascript, *\/*; q=0.01",
        "HTTP_SEC_CH_UA": "\"Chromium\";v=\"134\", \"Not:A-Brand\";v=\"24\", \"Opera GX\";v=\"119\"",
        "HTTP_SEC_CH_UA_MOBILE": "?0",
        "HTTP_SEC_FETCH_SITE": "same-origin",
        "HTTP_SEC_FETCH_MODE": "cors",
        "HTTP_SEC_FETCH_DEST": "empty",
        "HTTP_REFERER": "http:\/\/127.0.0.1:8000\/install\/index.php?step=2",
        "HTTP_ACCEPT_ENCODING": "gzip, deflate, br, zstd",
        "HTTP_ACCEPT_LANGUAGE": "fr-FR,fr;q=0.9,en-US;q=0.8,en;q=0.7",
        "HTTP_COOKIE": "PHPSESSID=136rei8taoan5mpsacdhd619b5; __next_hmr_refresh_hash__=1186; locale=eyJpdiI6Ild1dTE0R2gwLzRkYzRENTFuMGIxZkE9PSIsInZhbHVlIjoidEJQbmE2Vm5xSmhXK09YcVduUzJ3cVlFYktFUC9mM0xpazV1ZnY0OGpEOEduUFZPdzhDcDNyWlVKRklIOE5keCIsIm1hYyI6IjAyZDIzZDJmYjNjNzlhOGQyZDc5ZTdiMjJhYjExMDRmYzIzYWY2YWMzYzRjMmNkZDFiNWQxMzU2OTFhNjEyNTciLCJ0YWciOiIifQ%3D%3D",
        "REQUEST_TIME_FLOAT": 1749785101.384222,
        "REQUEST_TIME": 1749785101
    }
}

{
    "time": "2025-06-13 05:32:06",
    "function": "detect_project_request",
    "method": "GET",
    "query": {
        "ajax": "1"
    },
    "server": {
        "DOCUMENT_ROOT": "R:\\Adev\\200  -  test\\adminlicence\\public",
        "REMOTE_ADDR": "127.0.0.1",
        "REMOTE_PORT": "49289",
        "SERVER_SOFTWARE": "PHP 8.2.12 Development Server",
        "SERVER_PROTOCOL": "HTTP\/1.1",
        "SERVER_NAME": "127.0.0.1",
        "SERVER_PORT": "8000",
        "REQUEST_URI": "\/install\/ajax\/detect_project.php?ajax=1",
        "REQUEST_METHOD": "GET",
        "SCRIPT_NAME": "\/install\/ajax\/detect_project.php",
        "SCRIPT_FILENAME": "R:\\Adev\\200  -  test\\adminlicence\\public\\install\\ajax\\detect_project.php",
        "PHP_SELF": "\/install\/ajax\/detect_project.php",
        "QUERY_STRING": "ajax=1",
        "HTTP_HOST": "127.0.0.1:8000",
        "HTTP_USER_AGENT": "Mozilla\/5.0 (Windows NT 10.0; Win64; x64; rv:139.0) Gecko\/20100101 Firefox\/139.0",
        "HTTP_ACCEPT": "application\/json, text\/javascript, *\/*; q=0.01",
        "HTTP_ACCEPT_LANGUAGE": "fr,fr-FR;q=0.8,en-US;q=0.5,en;q=0.3",
        "HTTP_ACCEPT_ENCODING": "gzip, deflate, br, zstd",
        "HTTP_X_REQUESTED_WITH": "XMLHttpRequest",
        "HTTP_DNT": "1",
        "HTTP_AUTHORIZATION": "Basic YWRtaW46QWRtaW5MaWNlbmNlMjAyNQ==",
        "HTTP_CONNECTION": "keep-alive",
        "HTTP_REFERER": "http:\/\/127.0.0.1:8000\/install\/index.php?step=2",
        "HTTP_COOKIE": "locale=eyJpdiI6ImRiYTlub1hqT1U5RC92Y21EbTJwZFE9PSIsInZhbHVlIjoiM1k5b0dJWlNLdDUybUw2emhvWERvSDZONCtrRDFiVURBemtNUVpsWlQ5YUt2dWlaT2xPc3RNUDJ0WWIrRDl2USIsIm1hYyI6IjQ2Yjk4N2M4NmEyM2Y0NjFkMDliZGE2MjgxYzJhYmVjZDU0MjA4NGIxYzE5NmFiNTRiYjg3MjVhODVhNmFjZWQiLCJ0YWciOiIifQ%3D%3D; dark_mode=1; io=2G6p8qMg8xwIN3JpAAAD; TawkConnectionTime=0; PHPSESSID=hcsc3m94mlr88j37gd0i4rd5nd; __next_hmr_refresh_hash__=2752; XSRF-TOKEN=eyJpdiI6IlBONzlZek5PVEhrSmN6dTgzVlpJSWc9PSIsInZhbHVlIjoiNnlBenM2blFhaE52UzFzTjZ3NmxyS0ZyTGpLczFpNWEraGlOOHFDa3A4S0FZSTBrRGtQbGdweHN5Q0xaY1NmMVZaMysxd1g3WVRrdG5tRS9vWWVIaWlJWmJVbjB3WVliaXRyaDYrWWtobUFyV3B5WFlMaTFuNE92UlJRWUhoN0wiLCJtYWMiOiI4Y2E4YjJiYTM0OTBiNDRkYWNhYmEzMWM4ZDIxMGMyNGNiMDkyY2RlOGViZDY3YTk5NjIyOTBlNzkzN2U1N2JiIiwidGFnIjoiIn0%3D; adminlicence_session=eyJpdiI6ImhvK2FnNGd6Vm9NUkNsTTNMZEh1QlE9PSIsInZhbHVlIjoiYS9jNGlWdHQzekNqWEJCQ0tUejQ2ZitoMm1Ga1VvRTFtWlBkOGtjT3FXREJod3FnUHdNL2tkM3Z4KzgyYVlxbW5xV1Y0YW50TXY2djlHVUFlVW8rdEZOMzJBdHpUTE9VMUlWMityWHNTYWxLU1Y0cUs1YWpQcnFDZUFCbSt4K08iLCJtYWMiOiI5OGViMjMxMGIwYTZhZGNhOWEzYzAzZmRkNjdlMjlkODliZjVjZmVhYzg0Y2JmMWY3Zjg1OWRlMDU3MGMwNmFiIiwidGFnIjoiIn0%3D",
        "HTTP_SEC_FETCH_DEST": "empty",
        "HTTP_SEC_FETCH_MODE": "cors",
        "HTTP_SEC_FETCH_SITE": "same-origin",
        "PHP_AUTH_USER": "admin",
        "PHP_AUTH_PW": "AdminLicence2025",
        "REQUEST_TIME_FLOAT": 1749785526.232331,
        "REQUEST_TIME": 1749785526
    }
}

