{
    "time": "2025-06-13 05:04:57",
    "url": "https:\/\/licence.myvcard.fr\/api\/check-serial.php",
    "method": "POST",
    "data": {
        "serial_key": "FCGI-WC2S-H3PE-QJQQ",
        "domain": "0.0.0.0",
        "ip_address": "127.0.0.1",
        "api_key": "sk_3ewgI2dP0zPyLXlHyDT1qYbzQny6H2hb"
    },
    "headers": [
        "Content-Type: application\/json",
        "Accept: application\/json"
    ]
}

{
    "time": "2025-06-13 05:06:23",
    "url": "https:\/\/licence.myvcard.fr\/api\/check-serial.php",
    "method": "POST",
    "data": {
        "serial_key": "FCGI-WC2S-H3PE-QJQQ",
        "domain": "0.0.0.0",
        "ip_address": "127.0.0.1",
        "api_key": "sk_3ewgI2dP0zPyLXlHyDT1qYbzQny6H2hb"
    },
    "headers": [
        "Content-Type: application\/json",
        "Accept: application\/json"
    ]
}

