{
    "time": "2025-06-13 05:04:57",
    "url": "https:\/\/licence.myvcard.fr\/api\/check-serial.php",
    "http_code": 200,
    "curl_info": {
        "url": "https:\/\/licence.myvcard.fr\/api\/check-serial.php",
        "content_type": "application\/json",
        "http_code": 200,
        "header_size": 355,
        "request_size": 272,
        "filetime": -1,
        "ssl_verify_result": 20,
        "redirect_count": 0,
        "total_time": 0.368643,
        "namelookup_time": 0.053117,
        "connect_time": 0.071139,
        "pretransfer_time": 0.124777,
        "size_upload": 128,
        "size_download": 145,
        "speed_download": 393,
        "speed_upload": 347,
        "download_content_length": -1,
        "upload_content_length": 128,
        "starttransfer_time": 0.368607,
        "redirect_time": 0,
        "redirect_url": "",
        "primary_ip": "54.36.78.32",
        "certinfo": [],
        "primary_port": 443,
        "local_ip": "192.168.1.115",
        "local_port": 63605,
        "http_version": 2,
        "protocol": 2,
        "ssl_verifyresult": 0,
        "scheme": "HTTPS",
        "appconnect_time_us": 124712,
        "connect_time_us": 71139,
        "namelookup_time_us": 53117,
        "pretransfer_time_us": 124777,
        "redirect_time_us": 0,
        "starttransfer_time_us": 368607,
        "total_time_us": 368643,
        "effective_method": "POST"
    },
    "response": "{\"status\":\"success\",\"message\":\"Cl\\u00e9 de s\\u00e9rie valide\",\"data\":{\"token\":\"aead51c3a4fea41ac6828d5c0bd444c3\",\"project\":\"\",\"expires_at\":null}}",
    "error": ""
}

{
    "time": "2025-06-13 05:06:23",
    "url": "https:\/\/licence.myvcard.fr\/api\/check-serial.php",
    "http_code": 200,
    "curl_info": {
        "url": "https:\/\/licence.myvcard.fr\/api\/check-serial.php",
        "content_type": "application\/json",
        "http_code": 200,
        "header_size": 355,
        "request_size": 272,
        "filetime": -1,
        "ssl_verify_result": 20,
        "redirect_count": 0,
        "total_time": 0.155067,
        "namelookup_time": 0.014663,
        "connect_time": 0.033005,
        "pretransfer_time": 0.060158,
        "size_upload": 128,
        "size_download": 145,
        "speed_download": 935,
        "speed_upload": 825,
        "download_content_length": -1,
        "upload_content_length": 128,
        "starttransfer_time": 0.155051,
        "redirect_time": 0,
        "redirect_url": "",
        "primary_ip": "54.36.78.32",
        "certinfo": [],
        "primary_port": 443,
        "local_ip": "192.168.1.115",
        "local_port": 63710,
        "http_version": 2,
        "protocol": 2,
        "ssl_verifyresult": 0,
        "scheme": "HTTPS",
        "appconnect_time_us": 60120,
        "connect_time_us": 33005,
        "namelookup_time_us": 14663,
        "pretransfer_time_us": 60158,
        "redirect_time_us": 0,
        "starttransfer_time_us": 155051,
        "total_time_us": 155067,
        "effective_method": "POST"
    },
    "response": "{\"status\":\"success\",\"message\":\"Cl\\u00e9 de s\\u00e9rie valide\",\"data\":{\"token\":\"7dea61e2df7ad7dbfd5a517ea23dd484\",\"project\":\"\",\"expires_at\":null}}",
    "error": ""
}

